<?xml version="1.0" encoding="UTF-8"?>
<testsuite name="org.ripoll.e2e.TransactionControllerE2E" tests="5" skipped="0" failures="0" errors="0" timestamp="2023-04-23T20:57:17" hostname="DESKTOP-FV62C8S" time="0.433">
  <properties/>
  <testcase name="getAllTransactionsByType_shouldReturnAList()" classname="org.ripoll.e2e.TransactionControllerE2E" time="0.202"/>
  <testcase name="getTotalForRelatedTransactions_shouldReturnOk()" classname="org.ripoll.e2e.TransactionControllerE2E" time="0.063"/>
  <testcase name="getTotalForRelatedTransactions_shouldReturnNotFound()" classname="org.ripoll.e2e.TransactionControllerE2E" time="0.017"/>
  <testcase name="saveTransaction_shouldReturnOk()" classname="org.ripoll.e2e.TransactionControllerE2E" time="0.138"/>
  <testcase name="getAllTransactionsByType_shouldReturnEmptyList()" classname="org.ripoll.e2e.TransactionControllerE2E" time="0.005"/>
  <system-out><![CDATA[17:57:14.827 [Test worker] DEBUG org.springframework.boot.test.context.SpringBootTestContextBootstrapper - Neither @ContextConfiguration nor @ContextHierarchy found for test class [TransactionControllerE2E]: using SpringBootContextLoader
17:57:14.833 [Test worker] DEBUG org.springframework.test.context.support.AbstractContextLoader - Could not detect default resource locations for test class [org.ripoll.e2e.TransactionControllerE2E]: no resource found for suffixes {-context.xml, Context.groovy}.
17:57:14.834 [Test worker] INFO org.springframework.test.context.support.AnnotationConfigContextLoaderUtils - Could not detect default configuration classes for test class [org.ripoll.e2e.TransactionControllerE2E]: TransactionControllerE2E does not declare any static, non-private, non-final, nested classes annotated with @Configuration.
17:57:14.870 [Test worker] DEBUG org.springframework.boot.test.context.SpringBootTestContextBootstrapper - Using ContextCustomizers for test class [TransactionControllerE2E]: [DisableObservabilityContextCustomizer, PropertyMappingContextCustomizer, Customizer, ImportsContextCustomizer, ExcludeFilterContextCustomizer, DuplicateJsonObjectContextCustomizer, MockitoContextCustomizer, TestRestTemplateContextCustomizer]
17:57:14.936 [Test worker] DEBUG org.springframework.context.annotation.ClassPathScanningCandidateComponentProvider - Identified candidate component class: file [C:\Users\rodry\Repositories\transaction-api\build\classes\java\main\org\ripoll\TransactionApi.class]
17:57:14.938 [Test worker] INFO org.springframework.boot.test.context.SpringBootTestContextBootstrapper - Found @SpringBootConfiguration org.ripoll.TransactionApi for test class org.ripoll.e2e.TransactionControllerE2E
17:57:15.045 [Test worker] DEBUG org.springframework.test.context.util.TestContextSpringFactoriesUtils - Skipping candidate TestExecutionListener [org.springframework.test.context.transaction.TransactionalTestExecutionListener] due to a missing dependency. Specify custom TestExecutionListener classes or make the default TestExecutionListener classes and their required dependencies available. Offending class: [org/springframework/transaction/interceptor/TransactionAttributeSource]
17:57:15.047 [Test worker] DEBUG org.springframework.test.context.util.TestContextSpringFactoriesUtils - Skipping candidate TestExecutionListener [org.springframework.test.context.jdbc.SqlScriptsTestExecutionListener] due to a missing dependency. Specify custom TestExecutionListener classes or make the default TestExecutionListener classes and their required dependencies available. Offending class: [org/springframework/transaction/interceptor/TransactionAttribute]
17:57:15.048 [Test worker] DEBUG org.springframework.boot.test.context.SpringBootTestContextBootstrapper - Using TestExecutionListeners for test class [TransactionControllerE2E]: [ServletTestExecutionListener, DirtiesContextBeforeModesTestExecutionListener, ApplicationEventsTestExecutionListener, MockitoTestExecutionListener, DependencyInjectionTestExecutionListener, DirtiesContextTestExecutionListener, EventPublishingTestExecutionListener, RestDocsTestExecutionListener, MockRestServiceServerResetTestExecutionListener, MockMvcPrintOnlyOnFailureTestExecutionListener, WebDriverTestExecutionListener, MockWebServiceServerTestExecutionListener, ResetMocksTestExecutionListener]
17:57:15.050 [Test worker] DEBUG org.springframework.test.context.support.AbstractDirtiesContextTestExecutionListener - Before test class: class [TransactionControllerE2E], class annotated with @DirtiesContext [false] with mode [null]
17:57:15.056 [Test worker] DEBUG org.springframework.test.context.support.DependencyInjectionTestExecutionListener - Performing dependency injection for test class org.ripoll.e2e.TransactionControllerE2E

  .   ____          _            __ _ _
 /\\ / ___'_ __ _ _(_)_ __  __ _ \ \ \ \
( ( )\___ | '_ | '_| | '_ \/ _` | \ \ \ \
 \\/  ___)| |_)| | | | | || (_| |  ) ) ) )
  '  |____| .__|_| |_|_| |_\__, | / / / /
 =========|_|==============|___/=/_/_/_/
 :: Spring Boot ::                (v3.0.2)

2023-04-23T17:57:15.365-03:00  INFO 9312 --- [    Test worker] o.ripoll.e2e.TransactionControllerE2E    : Starting TransactionControllerE2E using Java 17.0.5 with PID 9312 (started by rodry in C:\Users\rodry\Repositories\transaction-api)
2023-04-23T17:57:15.367-03:00  INFO 9312 --- [    Test worker] o.ripoll.e2e.TransactionControllerE2E    : No active profile set, falling back to 1 default profile: "default"
2023-04-23T17:57:16.582-03:00  INFO 9312 --- [    Test worker] o.s.b.w.embedded.tomcat.TomcatWebServer  : Tomcat initialized with port(s): 0 (http)
2023-04-23T17:57:16.597-03:00  INFO 9312 --- [    Test worker] o.apache.catalina.core.StandardService   : Starting service [Tomcat]
2023-04-23T17:57:16.598-03:00  INFO 9312 --- [    Test worker] o.apache.catalina.core.StandardEngine    : Starting Servlet engine: [Apache Tomcat/10.1.5]
2023-04-23T17:57:16.705-03:00  INFO 9312 --- [    Test worker] o.a.c.c.C.[Tomcat].[localhost].[/]       : Initializing Spring embedded WebApplicationContext
2023-04-23T17:57:16.707-03:00  INFO 9312 --- [    Test worker] w.s.c.ServletWebServerApplicationContext : Root WebApplicationContext: initialization completed in 1319 ms
2023-04-23T17:57:17.152-03:00  INFO 9312 --- [    Test worker] o.a.c.c.C.[Tomcat].[localhost].[/]       : Initializing Spring TestDispatcherServlet ''
2023-04-23T17:57:17.152-03:00  INFO 9312 --- [    Test worker] o.s.t.web.servlet.TestDispatcherServlet  : Initializing Servlet ''
2023-04-23T17:57:17.154-03:00  INFO 9312 --- [    Test worker] o.s.t.web.servlet.TestDispatcherServlet  : Completed initialization in 1 ms
2023-04-23T17:57:17.217-03:00  INFO 9312 --- [    Test worker] o.s.b.w.embedded.tomcat.TomcatWebServer  : Tomcat started on port(s): 57709 (http) with context path ''
2023-04-23T17:57:17.232-03:00  INFO 9312 --- [    Test worker] o.ripoll.e2e.TransactionControllerE2E    : Started TransactionControllerE2E in 2.145 seconds (process running for 4.262)
]]></system-out>
  <system-err><![CDATA[]]></system-err>
</testsuite>
